<?xml version="1.0" encoding="UTF-8"?>
<!-- Generated by org.testng.reporters.JUnitReportReporter -->
<testsuite hostname="Deepu" failures="0" tests="10" name="tests.RegExcel" time="20.886" errors="0" timestamp="2025-09-08T00:45:43 IST" skipped="0">
  <testcase classname="tests.RegExcel" name="clickUsersIcon" time="1.105"/>
  <testcase classname="tests.RegExcel" name="clickUsersIcon" time="1.089"/>
  <testcase classname="tests.RegExcel" name="clickSignUpLink" time="11.688"/>
  <testcase classname="tests.RegExcel" name="enterFirstName" time="0.235"/>
  <testcase classname="tests.RegExcel" name="enterLastName" time="0.062"/>
  <testcase classname="tests.RegExcel" name="enterEmail" time="0.082"/>
  <testcase classname="tests.RegExcel" name="enterPassword" time="0.068"/>
  <testcase classname="tests.RegExcel" name="enterConfirmPassword" time="0.067"/>
  <testcase classname="tests.RegExcel" name="clickAgreement" time="0.522"/>
  <testcase classname="tests.RegExcel" name="clickSubmit" time="5.968"/>
</testsuite> <!-- tests.RegExcel -->
