<?xml version="1.0" encoding="UTF-8"?>
<!-- Generated by org.testng.reporters.JUnitReportReporter -->
<testsuite hostname="Deepu" failures="0" tests="2" name="tests.RegExcel" time="27.631" errors="0" timestamp="2025-09-08T15:01:53 IST" skipped="0">
  <testcase classname="tests.RegExcel" name="signupTest" time="14.674"/>
  <testcase classname="tests.RegExcel" name="signupTest" time="12.957"/>
</testsuite> <!-- tests.RegExcel -->
